# JRE version: Java(TM) SE Runtime Environment (8.0_211-b12) (build 1.8.0_211-b12)
# Java VM: Java HotSpot(TM) 64-Bit Server VM (25.211-b12 mixed mode windows-amd64 compressed oops)
Heap:
 def new generation   total 8640K, used 5194K [0x00000000e4000000, 0x00000000e4950000, 0x00000000ed550000)
  eden space 7744K,  57% used [0x00000000e4000000, 0x00000000e4461ef0, 0x00000000e4790000)
  from space 896K,  78% used [0x00000000e4790000, 0x00000000e4840d08, 0x00000000e4870000)
  to   space 896K,   0% used [0x00000000e4870000, 0x00000000e4870000, 0x00000000e4950000)
 tenured generation   total 19136K, used 2631K [0x00000000ed550000, 0x00000000ee800000, 0x0000000100000000)
   the space 19136K,  13% used [0x00000000ed550000, 0x00000000ed7e1d78, 0x00000000ed7e1e00, 0x00000000ee800000)
 Metaspace       used 10509K, capacity 10858K, committed 11136K, reserved 1058816K
  class space    used 1270K, capacity 1357K, committed 1408K, reserved 1048576K
GC Heap History (10 events):
Event: 6.085 GC heap before
{Heap before GC invocations=1 (full 0):
 def new generation   total 8640K, used 8639K [0x00000000e4000000, 0x00000000e4950000, 0x00000000ed550000)
  eden space 7744K, 100% used [0x00000000e4000000, 0x00000000e4790000, 0x00000000e4790000)
  from space 896K,  99% used [0x00000000e4870000, 0x00000000e494fff8, 0x00000000e4950000)
  to   space 896K,   0% used [0x00000000e4790000, 0x00000000e4790000, 0x00000000e4870000)
 tenured generation   total 19136K, used 325K [0x00000000ed550000, 0x00000000ee800000, 0x0000000100000000)
   the space 19136K,   1% used [0x00000000ed550000, 0x00000000ed5a16b8, 0x00000000ed5a1800, 0x00000000ee800000)
 Metaspace       used 6297K, capacity 6536K, committed 6784K, reserved 1056768K
  class space    used 741K, capacity 800K, committed 896K, reserved 1048576K
Event: 6.100 GC heap after
Heap after GC invocations=2 (full 0):
 def new generation   total 8640K, used 895K [0x00000000e4000000, 0x00000000e4950000, 0x00000000ed550000)
  eden space 7744K,   0% used [0x00000000e4000000, 0x00000000e4000000, 0x00000000e4790000)
  from space 896K,  99% used [0x00000000e4790000, 0x00000000e486fff8, 0x00000000e4870000)
  to   space 896K,   0% used [0x00000000e4870000, 0x00000000e4870000, 0x00000000e4950000)
 tenured generation   total 19136K, used 1350K [0x00000000ed550000, 0x00000000ee800000, 0x0000000100000000)
   the space 19136K,   7% used [0x00000000ed550000, 0x00000000ed6a1938, 0x00000000ed6a1a00, 0x00000000ee800000)
 Metaspace       used 6297K, capacity 6536K, committed 6784K, reserved 1056768K
  class space    used 741K, capacity 800K, committed 896K, reserved 1048576K
}
Event: 6.780 GC heap before
{Heap before GC invocations=2 (full 0):
 def new generation   total 8640K, used 8639K [0x00000000e4000000, 0x00000000e4950000, 0x00000000ed550000)
  eden space 7744K, 100% used [0x00000000e4000000, 0x00000000e4790000, 0x00000000e4790000)
  from space 896K,  99% used [0x00000000e4790000, 0x00000000e486fff8, 0x00000000e4870000)
  to   space 896K,   0% used [0x00000000e4870000, 0x00000000e4870000, 0x00000000e4950000)
 tenured generation   total 19136K, used 1350K [0x00000000ed550000, 0x00000000ee800000, 0x0000000100000000)
   the space 19136K,   7% used [0x00000000ed550000, 0x00000000ed6a1938, 0x00000000ed6a1a00, 0x00000000ee800000)
 Metaspace       used 7162K, capacity 7362K, committed 7680K, reserved 1056768K
  class space    used 850K, capacity 905K, committed 1024K, reserved 1048576K
Event: 6.792 GC heap after
Heap after GC invocations=3 (full 0):
 def new generation   total 8640K, used 711K [0x00000000e4000000, 0x00000000e4950000, 0x00000000ed550000)
  eden space 7744K,   0% used [0x00000000e4000000, 0x00000000e4000000, 0x00000000e4790000)
  from space 896K,  79% used [0x00000000e4870000, 0x00000000e4921dd8, 0x00000000e4950000)
  to   space 896K,   0% used [0x00000000e4790000, 0x00000000e4790000, 0x00000000e4870000)
 tenured generation   total 19136K, used 2034K [0x00000000ed550000, 0x00000000ee800000, 0x0000000100000000)
   the space 19136K,  10% used [0x00000000ed550000, 0x00000000ed74cb10, 0x00000000ed74cc00, 0x00000000ee800000)
 Metaspace       used 7162K, capacity 7362K, committed 7680K, reserved 1056768K
  class space    used 850K, capacity 905K, committed 1024K, reserved 1048576K
}
Event: 7.700 GC heap before
{Heap before GC invocations=3 (full 0):
 def new generation   total 8640K, used 8455K [0x00000000e4000000, 0x00000000e4950000, 0x00000000ed550000)
  eden space 7744K, 100% used [0x00000000e4000000, 0x00000000e4790000, 0x00000000e4790000)
  from space 896K,  79% used [0x00000000e4870000, 0x00000000e4921dd8, 0x00000000e4950000)
  to   space 896K,   0% used [0x00000000e4790000, 0x00000000e4790000, 0x00000000e4870000)
 tenured generation   total 19136K, used 2034K [0x00000000ed550000, 0x00000000ee800000, 0x0000000100000000)
   the space 19136K,  10% used [0x00000000ed550000, 0x00000000ed74cb10, 0x00000000ed74cc00, 0x00000000ee800000)
 Metaspace       used 7882K, capacity 8128K, committed 8192K, reserved 1056768K
  class space    used 945K, capacity 1008K, committed 1024K, reserved 1048576K
Event: 7.708 GC heap after
Heap after GC invocations=4 (full 0):
 def new generation   total 8640K, used 660K [0x00000000e4000000, 0x00000000e4950000, 0x00000000ed550000)
  eden space 7744K,   0% used [0x00000000e4000000, 0x00000000e4000000, 0x00000000e4790000)
  from space 896K,  73% used [0x00000000e4790000, 0x00000000e4835350, 0x00000000e4870000)
  to   space 896K,   0% used [0x00000000e4870000, 0x00000000e4870000, 0x00000000e4950000)
 tenured generation   total 19136K, used 2234K [0x00000000ed550000, 0x00000000ee800000, 0x0000000100000000)
   the space 19136K,  11% used [0x00000000ed550000, 0x00000000ed77e958, 0x00000000ed77ea00, 0x00000000ee800000)
 Metaspace       used 7882K, capacity 8128K, committed 8192K, reserved 1056768K
  class space    used 945K, capacity 1008K, committed 1024K, reserved 1048576K
}
Event: 8.490 GC heap before
{Heap before GC invocations=4 (full 0):
 def new generation   total 8640K, used 8404K [0x00000000e4000000, 0x00000000e4950000, 0x00000000ed550000)
  eden space 7744K, 100% used [0x00000000e4000000, 0x00000000e4790000, 0x00000000e4790000)
  from space 896K,  73% used [0x00000000e4790000, 0x00000000e4835350, 0x00000000e4870000)
  to   space 896K,   0% used [0x00000000e4870000, 0x00000000e4870000, 0x00000000e4950000)
 tenured generation   total 19136K, used 2234K [0x00000000ed550000, 0x00000000ee800000, 0x0000000100000000)
   the space 19136K,  11% used [0x00000000ed550000, 0x00000000ed77e958, 0x00000000ed77ea00, 0x00000000ee800000)
 Metaspace       used 8892K, capacity 9178K, committed 9472K, reserved 1056768K
  class space    used 1081K, capacity 1185K, committed 1280K, reserved 1048576K
Event: 8.497 GC heap after
Heap after GC invocations=5 (full 0):
 def new generation   total 8640K, used 729K [0x00000000e4000000, 0x00000000e4950000, 0x00000000ed550000)
  eden space 7744K,   0% used [0x00000000e4000000, 0x00000000e4000000, 0x00000000e4790000)
  from space 896K,  81% used [0x00000000e4870000, 0x00000000e4926578, 0x00000000e4950000)
  to   space 896K,   0% used [0x00000000e4790000, 0x00000000e4790000, 0x00000000e4870000)
 tenured generation   total 19136K, used 2464K [0x00000000ed550000, 0x00000000ee800000, 0x0000000100000000)
   the space 19136K,  12% used [0x00000000ed550000, 0x00000000ed7b8060, 0x00000000ed7b8200, 0x00000000ee800000)
 Metaspace       used 8892K, capacity 9178K, committed 9472K, reserved 1056768K
  class space    used 1081K, capacity 1185K, committed 1280K, reserved 1048576K
}
Event: 9.224 GC heap before
{Heap before GC invocations=5 (full 0):
 def new generation   total 8640K, used 8473K [0x00000000e4000000, 0x00000000e4950000, 0x00000000ed550000)
  eden space 7744K, 100% used [0x00000000e4000000, 0x00000000e4790000, 0x00000000e4790000)
  from space 896K,  81% used [0x00000000e4870000, 0x00000000e4926578, 0x00000000e4950000)
  to   space 896K,   0% used [0x00000000e4790000, 0x00000000e4790000, 0x00000000e4870000)
 tenured generation   total 19136K, used 2464K [0x00000000ed550000, 0x00000000ee800000, 0x0000000100000000)
   the space 19136K,  12% used [0x00000000ed550000, 0x00000000ed7b8060, 0x00000000ed7b8200, 0x00000000ee800000)
 Metaspace       used 10117K, capacity 10428K, committed 10624K, reserved 1058816K
  class space    used 1222K, capacity 1322K, committed 1408K, reserved 1048576K
Event: 9.233 GC heap after
Heap after GC invocations=6 (full 0):
 def new generation   total 8640K, used 707K [0x00000000e4000000, 0x00000000e4950000, 0x00000000ed550000)
  eden space 7744K,   0% used [0x00000000e4000000, 0x00000000e4000000, 0x00000000e4790000)
  from space 896K,  78% used [0x00000000e4790000, 0x00000000e4840d08, 0x00000000e4870000)
  to   space 896K,   0% used [0x00000000e4870000, 0x00000000e4870000, 0x00000000e4950000)
 tenured generation   total 19136K, used 2631K [0x00000000ed550000, 0x00000000ee800000, 0x0000000100000000)
   the space 19136K,  13% used [0x00000000ed550000, 0x00000000ed7e1d78, 0x00000000ed7e1e00, 0x00000000ee800000)
 Metaspace       used 10117K, capacity 10428K, committed 10624K, reserved 1058816K
  class space    used 1222K, capacity 1322K, committed 1408K, reserved 1048576K
}

